<?xml version="1.0" encoding="UTF-8"?>
<!-- Generated by org.testng.reporters.JUnitReportReporter -->
<testsuite hostname="Alvaro-PC" name="com.alvaro.empleados.controller.AppControllerTest" tests="10" failures="0" timestamp="11 Apr 2017 17:20:42 GMT" time="0.049" errors="0">
  <testcase name="editEmployee" time="0.027" classname="com.alvaro.empleados.controller.AppControllerTest"/>
  <testcase name="newEmployee" time="0.001" classname="com.alvaro.empleados.controller.AppControllerTest"/>
  <testcase name="saveEmployeeWithValidationError" time="0.001" classname="com.alvaro.empleados.controller.AppControllerTest"/>
  <testcase name="updateEmployeeWithValidationError" time="0.000" classname="com.alvaro.empleados.controller.AppControllerTest"/>
  <testcase name="saveEmployeeWithSuccess" time="0.001" classname="com.alvaro.empleados.controller.AppControllerTest"/>
  <testcase name="updateEmployeeWithSuccess" time="0.002" classname="com.alvaro.empleados.controller.AppControllerTest"/>
  <testcase name="listEmployees" time="0.006" classname="com.alvaro.empleados.controller.AppControllerTest"/>
  <testcase name="deleteEmployee" time="0.010" classname="com.alvaro.empleados.controller.AppControllerTest"/>
  <testcase name="saveEmployeeWithValidationErrorNonUniqueSSN" time="0.001" classname="com.alvaro.empleados.controller.AppControllerTest"/>
  <testcase name="updateEmployeeWithValidationErrorNonUniqueSSN" time="0.000" classname="com.alvaro.empleados.controller.AppControllerTest"/>
</testsuite> <!-- com.alvaro.empleados.controller.AppControllerTest -->
