<?xml version="1.0" encoding="UTF-8"?>
<!-- Generated by org.testng.reporters.JUnitReportReporter -->
<testsuite hostname="Alvaro-PC" name="com.alvaro.empleados.controller.AppControllerTest" tests="10" failures="0" timestamp="2 Apr 2017 13:53:37 GMT" time="0.053" errors="0">
  <testcase name="saveEmployeeWithValidationErrorNonUniqueSSN" time="0.002" classname="com.alvaro.empleados.controller.AppControllerTest"/>
  <testcase name="listEmployees" time="0.007" classname="com.alvaro.empleados.controller.AppControllerTest"/>
  <testcase name="saveEmployeeWithSuccess" time="0.001" classname="com.alvaro.empleados.controller.AppControllerTest"/>
  <testcase name="deleteEmployee" time="0.012" classname="com.alvaro.empleados.controller.AppControllerTest"/>
  <testcase name="editEmployee" time="0.029" classname="com.alvaro.empleados.controller.AppControllerTest"/>
  <testcase name="newEmployee" time="0.000" classname="com.alvaro.empleados.controller.AppControllerTest"/>
  <testcase name="updateEmployeeWithSuccess" time="0.001" classname="com.alvaro.empleados.controller.AppControllerTest"/>
  <testcase name="updateEmployeeWithValidationErrorNonUniqueSSN" time="0.001" classname="com.alvaro.empleados.controller.AppControllerTest"/>
  <testcase name="saveEmployeeWithValidationError" time="0.000" classname="com.alvaro.empleados.controller.AppControllerTest"/>
  <testcase name="updateEmployeeWithValidationError" time="0.000" classname="com.alvaro.empleados.controller.AppControllerTest"/>
</testsuite> <!-- com.alvaro.empleados.controller.AppControllerTest -->
