<?xml version="1.0" encoding="UTF-8"?>
<!-- Generated by org.testng.reporters.JUnitReportReporter -->
<testsuite hostname="Alvaro-PC" name="com.alvaro.empleados.service.EmployeeServiceImplTest" tests="7" failures="0" timestamp="11 Apr 2017 17:20:42 GMT" time="0.003" errors="0">
  <testcase name="findEmployeeBySsn" time="0.000" classname="com.alvaro.empleados.service.EmployeeServiceImplTest"/>
  <testcase name="deleteEmployeeBySsn" time="0.000" classname="com.alvaro.empleados.service.EmployeeServiceImplTest"/>
  <testcase name="updateEmployee" time="0.001" classname="com.alvaro.empleados.service.EmployeeServiceImplTest"/>
  <testcase name="isEmployeeSsnUnique" time="0.001" classname="com.alvaro.empleados.service.EmployeeServiceImplTest"/>
  <testcase name="findById" time="0.001" classname="com.alvaro.empleados.service.EmployeeServiceImplTest"/>
  <testcase name="findAllEmployees" time="0.000" classname="com.alvaro.empleados.service.EmployeeServiceImplTest"/>
  <testcase name="saveEmployee" time="0.000" classname="com.alvaro.empleados.service.EmployeeServiceImplTest"/>
</testsuite> <!-- com.alvaro.empleados.service.EmployeeServiceImplTest -->
