<?xml version="1.0" encoding="UTF-8"?>
<!-- Generated by org.testng.reporters.JUnitReportReporter -->
<testsuite hostname="Alvaro-PC" name="com.alvaro.empleados.dao.EmployeeDaoImplTest" tests="6" failures="0" timestamp="11 Apr 2017 17:20:42 GMT" time="0.114" errors="0">
  <testcase name="deleteEmployeeBySsn" time="0.015" classname="com.alvaro.empleados.dao.EmployeeDaoImplTest"/>
  <testcase name="deleteEmployeeByInvalidSsn" time="0.036" classname="com.alvaro.empleados.dao.EmployeeDaoImplTest"/>
  <testcase name="findEmployeeBySsn" time="0.017" classname="com.alvaro.empleados.dao.EmployeeDaoImplTest"/>
  <testcase name="findById" time="0.014" classname="com.alvaro.empleados.dao.EmployeeDaoImplTest"/>
  <testcase name="saveEmployee" time="0.018" classname="com.alvaro.empleados.dao.EmployeeDaoImplTest"/>
  <testcase name="findAllEmployees" time="0.014" classname="com.alvaro.empleados.dao.EmployeeDaoImplTest"/>
</testsuite> <!-- com.alvaro.empleados.dao.EmployeeDaoImplTest -->
