<?xml version="1.0" encoding="UTF-8"?>
<!-- Generated by org.testng.reporters.JUnitReportReporter -->
<testsuite hostname="Alvaro-PC" name="com.alvaro.empleados.dao.EmployeeDaoImplTest" tests="6" failures="0" timestamp="2 Apr 2017 13:53:37 GMT" time="0.447" errors="0">
  <testcase name="findById" time="0.022" classname="com.alvaro.empleados.dao.EmployeeDaoImplTest"/>
  <testcase name="findAllEmployees" time="0.016" classname="com.alvaro.empleados.dao.EmployeeDaoImplTest"/>
  <testcase name="findEmployeeBySsn" time="0.023" classname="com.alvaro.empleados.dao.EmployeeDaoImplTest"/>
  <testcase name="saveEmployee" time="0.103" classname="com.alvaro.empleados.dao.EmployeeDaoImplTest"/>
  <testcase name="deleteEmployeeByInvalidSsn" time="0.113" classname="com.alvaro.empleados.dao.EmployeeDaoImplTest"/>
  <testcase name="deleteEmployeeBySsn" time="0.170" classname="com.alvaro.empleados.dao.EmployeeDaoImplTest"/>
</testsuite> <!-- com.alvaro.empleados.dao.EmployeeDaoImplTest -->
